8
	 None
	 (3, u^8 + u^4 + u^3 + u + 1)
	 (1, u^8 + u^5 + u^4 + u^3 + u^2 + u + 1)
9
	 u^9 + u + 1
	 (2, u^9 + u^4 + u^2 + u + 1)
	 (2, u^9 + u^6 + u^4 + u^3 + u^2 + u + 1)
10
	 u^10 + u^3 + 1
	 (1, u^10 + u^3 + u^2 + u + 1)
	 (3, u^10 + u^6 + u^5 + u^3 + u^2 + u + 1)
11
	 u^11 + u^2 + 1
	 (2, u^11 + u^4 + u^2 + u + 1)
	 (5, u^11 + u^6 + u^5 + u^4 + u^3 + u + 1)
12
	 u^12 + u^3 + 1
	 (2, u^12 + u^4 + u^2 + u + 1)
	 (1, u^12 + u^5 + u^4 + u^3 + u^2 + u + 1)
13
	 None
	 (3, u^13 + u^4 + u^3 + u + 1)
	 (3, u^13 + u^6 + u^5 + u^3 + u^2 + u + 1)
14
	 u^14 + u^5 + 1
	 (6, u^14 + u^5 + u^3 + u + 1)
	 (1, u^14 + u^5 + u^4 + u^3 + u^2 + u + 1)
15
	 u^15 + u + 1
	 (2, u^15 + u^4 + u^2 + u + 1)
	 (2, u^15 + u^6 + u^4 + u^3 + u^2 + u + 1)
16
	 None
	 (6, u^16 + u^5 + u^3 + u + 1)
	 (1, u^16 + u^5 + u^4 + u^3 + u^2 + u + 1)
17
	 u^17 + u^3 + 1
	 (1, u^17 + u^3 + u^2 + u + 1)
	 (1, u^17 + u^5 + u^4 + u^3 + u^2 + u + 1)
18
	 u^18 + u^3 + 1
	 (5, u^18 + u^5 + u^2 + u + 1)
	 (1, u^18 + u^5 + u^4 + u^3 + u^2 + u + 1)
19
	 None
	 (5, u^19 + u^5 + u^2 + u + 1)
	 (1, u^19 + u^5 + u^4 + u^3 + u^2 + u + 1)
20
	 u^20 + u^3 + 1
	 (1, u^20 + u^3 + u^2 + u + 1)
	 (4, u^20 + u^6 + u^5 + u^4 + u^2 + u + 1)
21
	 u^21 + u^2 + 1
	 (5, u^21 + u^5 + u^2 + u + 1)
	 (1, u^21 + u^5 + u^4 + u^3 + u^2 + u + 1)
22
	 u^22 + u + 1
	 (5, u^22 + u^5 + u^2 + u + 1)
	 (10, u^22 + u^7 + u^5 + u^4 + u^3 + u + 1)
23
	 u^23 + u^5 + 1
	 (6, u^23 + u^5 + u^3 + u + 1)
	 (1, u^23 + u^5 + u^4 + u^3 + u^2 + u + 1)
24
	 None
	 (3, u^24 + u^4 + u^3 + u + 1)
	 (3, u^24 + u^6 + u^5 + u^3 + u^2 + u + 1)
25
	 u^25 + u^3 + 1
	 (1, u^25 + u^3 + u^2 + u + 1)
	 (26, u^25 + u^8 + u^5 + u^4 + u^3 + u^2 + 1)
26
	 None
	 (3, u^26 + u^4 + u^3 + u + 1)
	 (12, u^26 + u^7 + u^6 + u^3 + u^2 + u + 1)
27
	 None
	 (5, u^27 + u^5 + u^2 + u + 1)
	 (9, u^27 + u^7 + u^5 + u^4 + u^2 + u + 1)
28
	 u^28 + u + 1
	 (1, u^28 + u^3 + u^2 + u + 1)
	 (3, u^28 + u^6 + u^5 + u^3 + u^2 + u + 1)
29
	 u^29 + u^2 + 1
	 (2, u^29 + u^4 + u^2 + u + 1)
	 (21, u^29 + u^7 + u^6 + u^5 + u^4 + u^3 + 1)
30
	 u^30 + u + 1
	 (14, u^30 + u^6 + u^4 + u + 1)
	 (2, u^30 + u^6 + u^4 + u^3 + u^2 + u + 1)
31
	 u^31 + u^3 + 1
	 (1, u^31 + u^3 + u^2 + u + 1)
	 (10, u^31 + u^7 + u^5 + u^4 + u^3 + u + 1)
32
	 None
	 (23, u^32 + u^7 + u^3 + u^2 + 1)
	 (8, u^32 + u^7 + u^5 + u^3 + u^2 + u + 1)
33
	 u^33 + u^10 + 1
	 (12, u^33 + u^6 + u^3 + u + 1)
	 (15, u^33 + u^7 + u^6 + u^4 + u^3 + u^2 + 1)
34
	 u^34 + u^7 + 1
	 (3, u^34 + u^4 + u^3 + u + 1)
	 (9, u^34 + u^7 + u^5 + u^4 + u^2 + u + 1)
35
	 u^35 + u^2 + 1
	 (38, u^35 + u^8 + u^3 + u^2 + 1)
	 (2, u^35 + u^6 + u^4 + u^3 + u^2 + u + 1)
36
	 u^36 + u^9 + 1
	 (9, u^36 + u^5 + u^4 + u^2 + 1)
	 (1, u^36 + u^5 + u^4 + u^3 + u^2 + u + 1)
37
	 None
	 (14, u^37 + u^6 + u^4 + u + 1)
	 (1, u^37 + u^5 + u^4 + u^3 + u^2 + u + 1)
38
	 None
	 (17, u^38 + u^6 + u^5 + u + 1)
	 (13, u^38 + u^7 + u^6 + u^4 + u^2 + u + 1)
39
	 u^39 + u^4 + 1
	 (7, u^39 + u^5 + u^3 + u^2 + 1)
	 (6, u^39 + u^6 + u^5 + u^4 + u^3 + u^2 + 1)
40
	 None
	 (10, u^40 + u^5 + u^4 + u^3 + 1)
	 (13, u^40 + u^7 + u^6 + u^4 + u^2 + u + 1)
41
	 u^41 + u^3 + 1
	 (1, u^41 + u^3 + u^2 + u + 1)
	 (7, u^41 + u^7 + u^4 + u^3 + u^2 + u + 1)
42
	 u^42 + u^7 + 1
	 (5, u^42 + u^5 + u^2 + u + 1)
	 (1, u^42 + u^5 + u^4 + u^3 + u^2 + u + 1)
43
	 None
	 (16, u^43 + u^6 + u^4 + u^3 + 1)
	 (44, u^43 + u^8 + u^7 + u^5 + u^4 + u + 1)
44
	 u^44 + u^5 + 1
	 (8, u^44 + u^5 + u^4 + u + 1)
	 (10, u^44 + u^7 + u^5 + u^4 + u^3 + u + 1)
45
	 None
	 (3, u^45 + u^4 + u^3 + u + 1)
	 (9, u^45 + u^7 + u^5 + u^4 + u^2 + u + 1)
46
	 u^46 + u + 1
	 (10, u^46 + u^5 + u^4 + u^3 + 1)
	 (23, u^46 + u^8 + u^5 + u^3 + u^2 + u + 1)
47
	 u^47 + u^5 + 1
	 (8, u^47 + u^5 + u^4 + u + 1)
	 (11, u^47 + u^7 + u^5 + u^4 + u^3 + u^2 + 1)
48
	 None
	 (7, u^48 + u^5 + u^3 + u^2 + 1)
	 (2, u^48 + u^6 + u^4 + u^3 + u^2 + u + 1)
49
	 u^49 + u^9 + 1
	 (20, u^49 + u^6 + u^5 + u^4 + 1)
	 (10, u^49 + u^7 + u^5 + u^4 + u^3 + u + 1)
50
	 None
	 (4, u^50 + u^4 + u^3 + u^2 + 1)
	 (20, u^50 + u^7 + u^6 + u^5 + u^4 + u^2 + 1)
51
	 None
	 (12, u^51 + u^6 + u^3 + u + 1)
	 (6, u^51 + u^6 + u^5 + u^4 + u^3 + u^2 + 1)
52
	 u^52 + u^3 + 1
	 (1, u^52 + u^3 + u^2 + u + 1)
	 (8, u^52 + u^7 + u^5 + u^3 + u^2 + u + 1)
53
	 None
	 (11, u^53 + u^6 + u^2 + u + 1)
	 (17, u^53 + u^7 + u^6 + u^5 + u^3 + u + 1)
54
	 u^54 + u^9 + 1
	 (48, u^54 + u^8 + u^6 + u^3 + 1)
	 (6, u^54 + u^6 + u^5 + u^4 + u^3 + u^2 + 1)
55
	 u^55 + u^7 + 1
	 (11, u^55 + u^6 + u^2 + u + 1)
	 (11, u^55 + u^7 + u^5 + u^4 + u^3 + u^2 + 1)
56
	 None
	 (25, u^56 + u^7 + u^4 + u^2 + 1)
	 (11, u^56 + u^7 + u^5 + u^4 + u^3 + u^2 + 1)
57
	 u^57 + u^4 + 1
	 (7, u^57 + u^5 + u^3 + u^2 + 1)
	 (16, u^57 + u^7 + u^6 + u^5 + u^2 + u + 1)
58
	 u^58 + u^19 + 1
	 (17, u^58 + u^6 + u^5 + u + 1)
	 (4, u^58 + u^6 + u^5 + u^4 + u^2 + u + 1)
59
	 None
	 (25, u^59 + u^7 + u^4 + u^2 + 1)
	 (5, u^59 + u^6 + u^5 + u^4 + u^3 + u + 1)
60
	 u^60 + u + 1
	 (9, u^60 + u^5 + u^4 + u^2 + 1)
	 (5, u^60 + u^6 + u^5 + u^4 + u^3 + u + 1)
61
	 None
	 (5, u^61 + u^5 + u^2 + u + 1)
	 (1, u^61 + u^5 + u^4 + u^3 + u^2 + u + 1)
62
	 u^62 + u^29 + 1
	 (19, u^62 + u^6 + u^5 + u^3 + 1)
	 (8, u^62 + u^7 + u^5 + u^3 + u^2 + u + 1)
63
	 u^63 + u + 1
	 (8, u^63 + u^5 + u^4 + u + 1)
	 (2, u^63 + u^6 + u^4 + u^3 + u^2 + u + 1)
64
	 None
	 (3, u^64 + u^4 + u^3 + u + 1)
	 (20, u^64 + u^7 + u^6 + u^5 + u^4 + u^2 + 1)
65
	 u^65 + u^18 + 1
	 (3, u^65 + u^4 + u^3 + u + 1)
	 (20, u^65 + u^7 + u^6 + u^5 + u^4 + u^2 + 1)
66
	 u^66 + u^3 + 1
	 (2, u^66 + u^4 + u^2 + u + 1)
	 (24, u^66 + u^8 + u^5 + u^4 + u^2 + u + 1)
67
	 None
	 (5, u^67 + u^5 + u^2 + u + 1)
	 (16, u^67 + u^7 + u^6 + u^5 + u^2 + u + 1)
68
	 u^68 + u^9 + 1
	 (27, u^68 + u^7 + u^5 + u + 1)
	 (24, u^68 + u^8 + u^5 + u^4 + u^2 + u + 1)
69
	 None
	 (18, u^69 + u^6 + u^5 + u^2 + 1)
	 (3, u^69 + u^6 + u^5 + u^3 + u^2 + u + 1)
70
	 None
	 (6, u^70 + u^5 + u^3 + u + 1)
	 (11, u^70 + u^7 + u^5 + u^4 + u^3 + u^2 + 1)
71
	 u^71 + u^6 + 1
	 (6, u^71 + u^5 + u^3 + u + 1)
	 (11, u^71 + u^7 + u^5 + u^4 + u^3 + u^2 + 1)
72
	 None
	 (115, u^72 + u^10 + u^9 + u^3 + 1)
	 (2, u^72 + u^6 + u^4 + u^3 + u^2 + u + 1)
73
	 u^73 + u^25 + 1
	 (4, u^73 + u^4 + u^3 + u^2 + 1)
	 (108, u^73 + u^9 + u^8 + u^6 + u^5 + u + 1)
74
	 u^74 + u^35 + 1
	 (11, u^74 + u^6 + u^2 + u + 1)
	 (4, u^74 + u^6 + u^5 + u^4 + u^2 + u + 1)
75
	 None
	 (12, u^75 + u^6 + u^3 + u + 1)
	 (53, u^75 + u^8 + u^7 + u^6 + u^5 + u + 1)
76
	 u^76 + u^21 + 1
	 (9, u^76 + u^5 + u^4 + u^2 + 1)
	 (3, u^76 + u^6 + u^5 + u^3 + u^2 + u + 1)
77
	 None
	 (18, u^77 + u^6 + u^5 + u^2 + 1)
	 (17, u^77 + u^7 + u^6 + u^5 + u^3 + u + 1)
78
	 None
	 (19, u^78 + u^6 + u^5 + u^3 + 1)
	 (2, u^78 + u^6 + u^4 + u^3 + u^2 + u + 1)
79
	 u^79 + u^9 + 1
	 (4, u^79 + u^4 + u^3 + u^2 + 1)
	 (10, u^79 + u^7 + u^5 + u^4 + u^3 + u + 1)
80
	 None
	 (61, u^80 + u^9 + u^4 + u^2 + 1)
	 (8, u^80 + u^7 + u^5 + u^3 + u^2 + u + 1)
81
	 u^81 + u^4 + 1
	 (13, u^81 + u^6 + u^3 + u^2 + 1)
	 (25, u^81 + u^8 + u^5 + u^4 + u^3 + u + 1)
82
	 None
	 (37, u^82 + u^8 + u^3 + u + 1)
	 (13, u^82 + u^7 + u^6 + u^4 + u^2 + u + 1)
83
	 None
	 (25, u^83 + u^7 + u^4 + u^2 + 1)
	 (33, u^83 + u^8 + u^6 + u^5 + u^3 + u^2 + 1)
84
	 u^84 + u^5 + 1
	 (8, u^84 + u^5 + u^4 + u + 1)
	 (18, u^84 + u^7 + u^6 + u^5 + u^3 + u^2 + 1)
85
	 None
	 (36, u^85 + u^8 + u^2 + u + 1)
	 (28, u^85 + u^8 + u^6 + u^4 + u^2 + u + 1)
86
	 u^86 + u^21 + 1
	 (18, u^86 + u^6 + u^5 + u^2 + 1)
	 (12, u^86 + u^7 + u^6 + u^3 + u^2 + u + 1)
87
	 u^87 + u^13 + 1
	 (27, u^87 + u^7 + u^5 + u + 1)
	 (18, u^87 + u^7 + u^6 + u^5 + u^3 + u^2 + 1)
88
	 None
	 (32, u^88 + u^7 + u^6 + u^2 + 1)
	 (1, u^88 + u^5 + u^4 + u^3 + u^2 + u + 1)
89
	 u^89 + u^38 + 1
	 (19, u^89 + u^6 + u^5 + u^3 + 1)
	 (13, u^89 + u^7 + u^6 + u^4 + u^2 + u + 1)
90
	 u^90 + u^27 + 1
	 (7, u^90 + u^5 + u^3 + u^2 + 1)
	 (4, u^90 + u^6 + u^5 + u^4 + u^2 + u + 1)
91
	 None
	 (42, u^91 + u^8 + u^5 + u + 1)
	 (18, u^91 + u^7 + u^6 + u^5 + u^3 + u^2 + 1)
92
	 u^92 + u^21 + 1
	 (18, u^92 + u^6 + u^5 + u^2 + 1)
	 (24, u^92 + u^8 + u^5 + u^4 + u^2 + u + 1)
93
	 u^93 + u^2 + 1
	 (13, u^93 + u^6 + u^3 + u^2 + 1)
	 (8, u^93 + u^7 + u^5 + u^3 + u^2 + u + 1)
94
	 u^94 + u^21 + 1
	 (17, u^94 + u^6 + u^5 + u + 1)
	 (10, u^94 + u^7 + u^5 + u^4 + u^3 + u + 1)
95
	 u^95 + u^11 + 1
	 (27, u^95 + u^7 + u^5 + u + 1)
	 (4, u^95 + u^6 + u^5 + u^4 + u^2 + u + 1)
96
	 None
	 (118, u^96 + u^10 + u^9 + u^6 + 1)
	 (3, u^96 + u^6 + u^5 + u^3 + u^2 + u + 1)
97
	 u^97 + u^6 + 1
	 (15, u^97 + u^6 + u^4 + u^2 + 1)
	 (11, u^97 + u^7 + u^5 + u^4 + u^3 + u^2 + 1)
98
	 u^98 + u^11 + 1
	 (26, u^98 + u^7 + u^4 + u^3 + 1)
	 (7, u^98 + u^7 + u^4 + u^3 + u^2 + u + 1)
99
	 None
	 (12, u^99 + u^6 + u^3 + u + 1)
	 (29, u^99 + u^8 + u^6 + u^4 + u^3 + u + 1)
100
	 u^100 + u^15 + 1
	 (18, u^100 + u^6 + u^5 + u^2 + 1)
	 (76, u^100 + u^9 + u^7 + u^5 + u^2 + u + 1)
101
	 None
	 (31, u^101 + u^7 + u^6 + u + 1)
	 (34, u^101 + u^8 + u^6 + u^5 + u^4 + u + 1)
102
	 u^102 + u^29 + 1
	 (19, u^102 + u^6 + u^5 + u^3 + 1)
	 (27, u^102 + u^8 + u^6 + u^3 + u^2 + u + 1)
103
	 u^103 + u^9 + 1
	 (60, u^103 + u^9 + u^4 + u + 1)
	 (11, u^103 + u^7 + u^5 + u^4 + u^3 + u^2 + 1)
104
	 None
	 (3, u^104 + u^4 + u^3 + u + 1)
	 (7, u^104 + u^7 + u^4 + u^3 + u^2 + u + 1)
105
	 u^105 + u^4 + 1
	 (21, u^105 + u^7 + u^2 + u + 1)
	 (4, u^105 + u^6 + u^5 + u^4 + u^2 + u + 1)
106
	 u^106 + u^15 + 1
	 (17, u^106 + u^6 + u^5 + u + 1)
	 (3, u^106 + u^6 + u^5 + u^3 + u^2 + u + 1)
107
	 None
	 (75, u^107 + u^9 + u^7 + u^4 + 1)
	 (8, u^107 + u^7 + u^5 + u^3 + u^2 + u + 1)
108
	 u^108 + u^17 + 1
	 (14, u^108 + u^6 + u^4 + u + 1)
	 (18, u^108 + u^7 + u^6 + u^5 + u^3 + u^2 + 1)
109
	 None
	 (9, u^109 + u^5 + u^4 + u^2 + 1)
	 (25, u^109 + u^8 + u^5 + u^4 + u^3 + u + 1)
110
	 u^110 + u^33 + 1
	 (14, u^110 + u^6 + u^4 + u + 1)
	 (11, u^110 + u^7 + u^5 + u^4 + u^3 + u^2 + 1)
111
	 u^111 + u^10 + 1
	 (25, u^111 + u^7 + u^4 + u^2 + 1)
	 (24, u^111 + u^8 + u^5 + u^4 + u^2 + u + 1)
112
	 None
	 (10, u^112 + u^5 + u^4 + u^3 + 1)
	 (1, u^112 + u^5 + u^4 + u^3 + u^2 + u + 1)
113
	 u^113 + u^9 + 1
	 (7, u^113 + u^5 + u^3 + u^2 + 1)
	 (23, u^113 + u^8 + u^5 + u^3 + u^2 + u + 1)
114
	 None
	 (7, u^114 + u^5 + u^3 + u^2 + 1)
	 (49, u^114 + u^8 + u^7 + u^6 + u^3 + u^2 + 1)
115
	 None
	 (55, u^115 + u^8 + u^7 + u^5 + 1)
	 (8, u^115 + u^7 + u^5 + u^3 + u^2 + u + 1)
116
	 None
	 (2, u^116 + u^4 + u^2 + u + 1)
	 (24, u^116 + u^8 + u^5 + u^4 + u^2 + u + 1)
117
	 None
	 (5, u^117 + u^5 + u^2 + u + 1)
	 (20, u^117 + u^7 + u^6 + u^5 + u^4 + u^2 + 1)
118
	 u^118 + u^33 + 1
	 (18, u^118 + u^6 + u^5 + u^2 + 1)
	 (36, u^118 + u^8 + u^6 + u^5 + u^4 + u^3 + 1)
119
	 u^119 + u^8 + 1
	 (75, u^119 + u^9 + u^7 + u^4 + 1)
	 (54, u^119 + u^8 + u^7 + u^6 + u^5 + u^2 + 1)
120
	 None
	 (3, u^120 + u^4 + u^3 + u + 1)
	 (16, u^120 + u^7 + u^6 + u^5 + u^2 + u + 1)
121
	 u^121 + u^18 + 1
	 (42, u^121 + u^8 + u^5 + u + 1)
	 (34, u^121 + u^8 + u^6 + u^5 + u^4 + u + 1)
122
	 None
	 (11, u^122 + u^6 + u^2 + u + 1)
	 (28, u^122 + u^8 + u^6 + u^4 + u^2 + u + 1)
123
	 u^123 + u^2 + 1
	 (39, u^123 + u^8 + u^4 + u + 1)
	 (9, u^123 + u^7 + u^5 + u^4 + u^2 + u + 1)
124
	 u^124 + u^19 + 1
	 (35, u^124 + u^7 + u^6 + u^5 + 1)
	 (6, u^124 + u^6 + u^5 + u^4 + u^3 + u^2 + 1)
125
	 None
	 (35, u^125 + u^7 + u^6 + u^5 + 1)
	 (8, u^125 + u^7 + u^5 + u^3 + u^2 + u + 1)
126
	 u^126 + u^21 + 1
	 (25, u^126 + u^7 + u^4 + u^2 + 1)
	 (21, u^126 + u^7 + u^6 + u^5 + u^4 + u^3 + 1)
127
	 u^127 + u + 1
	 (22, u^127 + u^7 + u^3 + u + 1)
	 (23, u^127 + u^8 + u^5 + u^3 + u^2 + u + 1)
128
	 None
	 (21, u^128 + u^7 + u^2 + u + 1)
	 (21, u^128 + u^7 + u^6 + u^5 + u^4 + u^3 + 1)
129
	 u^129 + u^5 + 1
	 (8, u^129 + u^5 + u^4 + u + 1)
	 (15, u^129 + u^7 + u^6 + u^4 + u^3 + u^2 + 1)
130
	 u^130 + u^3 + 1
	 (1, u^130 + u^3 + u^2 + u + 1)
	 (49, u^130 + u^8 + u^7 + u^6 + u^3 + u^2 + 1)
131
	 None
	 (38, u^131 + u^8 + u^3 + u^2 + 1)
	 (19, u^131 + u^7 + u^6 + u^5 + u^4 + u + 1)
132
	 u^132 + u^17 + 1
	 (45, u^132 + u^8 + u^5 + u^4 + 1)
	 (4, u^132 + u^6 + u^5 + u^4 + u^2 + u + 1)
133
	 None
	 (79, u^133 + u^9 + u^8 + u^2 + 1)
	 (3, u^133 + u^6 + u^5 + u^3 + u^2 + u + 1)
134
	 u^134 + u^57 + 1
	 (27, u^134 + u^7 + u^5 + u + 1)
	 (37, u^134 + u^8 + u^7 + u^3 + u^2 + u + 1)
135
	 u^135 + u^11 + 1
	 (16, u^135 + u^6 + u^4 + u^3 + 1)
	 (4, u^135 + u^6 + u^5 + u^4 + u^2 + u + 1)
136
	 None
	 (7, u^136 + u^5 + u^3 + u^2 + 1)
	 (100, u^136 + u^9 + u^8 + u^5 + u^4 + u^2 + 1)
137
	 u^137 + u^21 + 1
	 (124, u^137 + u^11 + u^4 + u + 1)
	 (26, u^137 + u^8 + u^5 + u^4 + u^3 + u^2 + 1)
138
	 None
	 (51, u^138 + u^8 + u^7 + u + 1)
	 (33, u^138 + u^8 + u^6 + u^5 + u^3 + u^2 + 1)
139
	 None
	 (44, u^139 + u^8 + u^5 + u^3 + 1)
	 (8, u^139 + u^7 + u^5 + u^3 + u^2 + u + 1)
140
	 u^140 + u^15 + 1
	 (14, u^140 + u^6 + u^4 + u + 1)
	 (7, u^140 + u^7 + u^4 + u^3 + u^2 + u + 1)
141
	 None
	 (88, u^141 + u^10 + u^4 + u + 1)
	 (42, u^141 + u^8 + u^7 + u^5 + u^3 + u + 1)
142
	 u^142 + u^21 + 1
	 (86, u^142 + u^10 + u^3 + u + 1)
	 (19, u^142 + u^7 + u^6 + u^5 + u^4 + u + 1)
143
	 None
	 (7, u^143 + u^5 + u^3 + u^2 + 1)
	 (33, u^143 + u^8 + u^6 + u^5 + u^3 + u^2 + 1)
144
	 None
	 (25, u^144 + u^7 + u^4 + u^2 + 1)
	 (20, u^144 + u^7 + u^6 + u^5 + u^4 + u^2 + 1)
145
	 u^145 + u^52 + 1
	 (17, u^145 + u^6 + u^5 + u + 1)
	 (43, u^145 + u^8 + u^7 + u^5 + u^3 + u^2 + 1)
146
	 u^146 + u^71 + 1
	 (7, u^146 + u^5 + u^3 + u^2 + 1)
	 (12, u^146 + u^7 + u^6 + u^3 + u^2 + u + 1)
147
	 u^147 + u^14 + 1
	 (125, u^147 + u^11 + u^4 + u^2 + 1)
	 (1, u^147 + u^5 + u^4 + u^3 + u^2 + u + 1)
148
	 u^148 + u^27 + 1
	 (29, u^148 + u^7 + u^5 + u^3 + 1)
	 (10, u^148 + u^7 + u^5 + u^4 + u^3 + u + 1)
149
	 None
	 (119, u^149 + u^10 + u^9 + u^7 + 1)
	 (96, u^149 + u^9 + u^8 + u^5 + u^2 + u + 1)
150
	 u^150 + u^53 + 1
	 (9, u^150 + u^5 + u^4 + u^2 + 1)
	 (9, u^150 + u^7 + u^5 + u^4 + u^2 + u + 1)
151
	 u^151 + u^3 + 1
	 (1, u^151 + u^3 + u^2 + u + 1)
	 (25, u^151 + u^8 + u^5 + u^4 + u^3 + u + 1)
152
	 None
	 (13, u^152 + u^6 + u^3 + u^2 + 1)
	 (41, u^152 + u^8 + u^7 + u^5 + u^2 + u + 1)
153
	 u^153 + u + 1
	 (19, u^153 + u^6 + u^5 + u^3 + 1)
	 (6, u^153 + u^6 + u^5 + u^4 + u^3 + u^2 + 1)
154
	 u^154 + u^15 + 1
	 (35, u^154 + u^7 + u^6 + u^5 + 1)
	 (18, u^154 + u^7 + u^6 + u^5 + u^3 + u^2 + 1)
155
	 u^155 + u^62 + 1
	 (30, u^155 + u^7 + u^5 + u^4 + 1)
	 (25, u^155 + u^8 + u^5 + u^4 + u^3 + u + 1)
156
	 u^156 + u^9 + 1
	 (19, u^156 + u^6 + u^5 + u^3 + 1)
	 (59, u^156 + u^9 + u^5 + u^4 + u^2 + u + 1)
157
	 None
	 (18, u^157 + u^6 + u^5 + u^2 + 1)
	 (31, u^157 + u^8 + u^6 + u^5 + u^2 + u + 1)
158
	 None
	 (50, u^158 + u^8 + u^6 + u^5 + 1)
	 (24, u^158 + u^8 + u^5 + u^4 + u^2 + u + 1)
159
	 u^159 + u^31 + 1
	 (54, u^159 + u^8 + u^7 + u^4 + 1)
	 (5, u^159 + u^6 + u^5 + u^4 + u^3 + u + 1)
160
	 None
	 (7, u^160 + u^5 + u^3 + u^2 + 1)
	 (55, u^160 + u^8 + u^7 + u^6 + u^5 + u^3 + 1)
161
	 u^161 + u^18 + 1
	 (13, u^161 + u^6 + u^3 + u^2 + 1)
	 (12, u^161 + u^7 + u^6 + u^3 + u^2 + u + 1)
162
	 u^162 + u^27 + 1
	 (54, u^162 + u^8 + u^7 + u^4 + 1)
	 (16, u^162 + u^7 + u^6 + u^5 + u^2 + u + 1)
163
	 None
	 (33, u^163 + u^7 + u^6 + u^3 + 1)
	 (14, u^163 + u^7 + u^6 + u^4 + u^3 + u + 1)
164
	 None
	 (112, u^164 + u^10 + u^8 + u^7 + 1)
	 (80, u^164 + u^9 + u^7 + u^5 + u^4 + u^2 + 1)
165
	 None
	 (80, u^165 + u^9 + u^8 + u^3 + 1)
	 (64, u^165 + u^9 + u^6 + u^4 + u^3 + u + 1)
166
	 u^166 + u^37 + 1
	 (17, u^166 + u^6 + u^5 + u + 1)
	 (92, u^166 + u^9 + u^8 + u^3 + u^2 + u + 1)
167
	 u^167 + u^6 + 1
	 (15, u^167 + u^6 + u^4 + u^2 + 1)
	 (45, u^167 + u^8 + u^7 + u^5 + u^4 + u^2 + 1)
168
	 None
	 (367, u^168 + u^15 + u^3 + u^2 + 1)
	 (2, u^168 + u^6 + u^4 + u^3 + u^2 + u + 1)
169
	 u^169 + u^34 + 1
	 (50, u^169 + u^8 + u^6 + u^5 + 1)
	 (51, u^169 + u^8 + u^7 + u^6 + u^4 + u^2 + 1)
170
	 u^170 + u^11 + 1
	 (13, u^170 + u^6 + u^3 + u^2 + 1)
	 (37, u^170 + u^8 + u^7 + u^3 + u^2 + u + 1)
171
	 None
	 (18, u^171 + u^6 + u^5 + u^2 + 1)
	 (1, u^171 + u^5 + u^4 + u^3 + u^2 + u + 1)
172
	 u^172 + u + 1
	 (35, u^172 + u^7 + u^6 + u^5 + 1)
	 (99, u^172 + u^9 + u^8 + u^5 + u^4 + u + 1)
173
	 None
	 (43, u^173 + u^8 + u^5 + u^2 + 1)
	 (25, u^173 + u^8 + u^5 + u^4 + u^3 + u + 1)
174
	 u^174 + u^13 + 1
	 (59, u^174 + u^9 + u^3 + u^2 + 1)
	 (6, u^174 + u^6 + u^5 + u^4 + u^3 + u^2 + 1)
175
	 u^175 + u^6 + 1
	 (15, u^175 + u^6 + u^4 + u^2 + 1)
	 (85, u^175 + u^9 + u^7 + u^6 + u^4 + u + 1)
176
	 None
	 (123, u^176 + u^11 + u^3 + u^2 + 1)
	 (11, u^176 + u^7 + u^5 + u^4 + u^3 + u^2 + 1)
177
	 u^177 + u^8 + 1
	 (7, u^177 + u^5 + u^3 + u^2 + 1)
	 (17, u^177 + u^7 + u^6 + u^5 + u^3 + u + 1)
178
	 u^178 + u^31 + 1
	 (52, u^178 + u^8 + u^7 + u^2 + 1)
	 (76, u^178 + u^9 + u^7 + u^5 + u^2 + u + 1)
179
	 None
	 (2, u^179 + u^4 + u^2 + u + 1)
	 (25, u^179 + u^8 + u^5 + u^4 + u^3 + u + 1)
180
	 u^180 + u^3 + 1
	 (16, u^180 + u^6 + u^4 + u^3 + 1)
	 (33, u^180 + u^8 + u^6 + u^5 + u^3 + u^2 + 1)
181
	 None
	 (31, u^181 + u^7 + u^6 + u + 1)
	 (37, u^181 + u^8 + u^7 + u^3 + u^2 + u + 1)
182
	 u^182 + u^81 + 1
	 (46, u^182 + u^8 + u^6 + u + 1)
	 (19, u^182 + u^7 + u^6 + u^5 + u^4 + u + 1)
183
	 u^183 + u^56 + 1
	 (54, u^183 + u^8 + u^7 + u^4 + 1)
	 (111, u^183 + u^9 + u^8 + u^6 + u^5 + u^4 + 1)
184
	 None
	 (84, u^184 + u^9 + u^8 + u^7 + 1)
	 (30, u^184 + u^8 + u^6 + u^4 + u^3 + u^2 + 1)
185
	 u^185 + u^24 + 1
	 (37, u^185 + u^8 + u^3 + u + 1)
	 (63, u^185 + u^9 + u^6 + u^4 + u^2 + u + 1)
186
	 u^186 + u^11 + 1
	 (83, u^186 + u^9 + u^8 + u^6 + 1)
	 (40, u^186 + u^8 + u^7 + u^4 + u^3 + u^2 + 1)
187
	 None
	 (35, u^187 + u^7 + u^6 + u^5 + 1)
	 (20, u^187 + u^7 + u^6 + u^5 + u^4 + u^2 + 1)
188
	 None
	 (18, u^188 + u^6 + u^5 + u^2 + 1)
	 (46, u^188 + u^8 + u^7 + u^5 + u^4 + u^3 + 1)
189
	 None
	 (18, u^189 + u^6 + u^5 + u^2 + 1)
	 (18, u^189 + u^7 + u^6 + u^5 + u^3 + u^2 + 1)
190
	 None
	 (56, u^190 + u^8 + u^7 + u^6 + 1)
	 (73, u^190 + u^9 + u^7 + u^4 + u^2 + u + 1)
191
	 u^191 + u^9 + 1
	 (34, u^191 + u^7 + u^6 + u^4 + 1)
	 (10, u^191 + u^7 + u^5 + u^4 + u^3 + u + 1)
192
	 None
	 (21, u^192 + u^7 + u^2 + u + 1)
	 (30, u^192 + u^8 + u^6 + u^4 + u^3 + u^2 + 1)
193
	 u^193 + u^15 + 1
	 (75, u^193 + u^9 + u^7 + u^4 + 1)
	 (73, u^193 + u^9 + u^7 + u^4 + u^2 + u + 1)
194
	 u^194 + u^87 + 1
	 (4, u^194 + u^4 + u^3 + u^2 + 1)
	 (33, u^194 + u^8 + u^6 + u^5 + u^3 + u^2 + 1)
195
	 None
	 (38, u^195 + u^8 + u^3 + u^2 + 1)
	 (9, u^195 + u^7 + u^5 + u^4 + u^2 + u + 1)
196
	 u^196 + u^3 + 1
	 (1, u^196 + u^3 + u^2 + u + 1)
	 (115, u^196 + u^9 + u^8 + u^7 + u^4 + u + 1)
197
	 None
	 (61, u^197 + u^9 + u^4 + u^2 + 1)
	 (103, u^197 + u^9 + u^8 + u^6 + u^3 + u + 1)
198
	 u^198 + u^9 + 1
	 (19, u^198 + u^6 + u^5 + u^3 + 1)
	 (6, u^198 + u^6 + u^5 + u^4 + u^3 + u^2 + 1)
199
	 u^199 + u^34 + 1
	 (60, u^199 + u^9 + u^4 + u + 1)
	 (18, u^199 + u^7 + u^6 + u^5 + u^3 + u^2 + 1)
200
	 None
	 (7, u^200 + u^5 + u^3 + u^2 + 1)
	 (52, u^200 + u^8 + u^7 + u^6 + u^4 + u^3 + 1)
201
	 u^201 + u^14 + 1
	 (13, u^201 + u^6 + u^3 + u^2 + 1)
	 (4, u^201 + u^6 + u^5 + u^4 + u^2 + u + 1)
202
	 u^202 + u^55 + 1
	 (34, u^202 + u^7 + u^6 + u^4 + 1)
	 (16, u^202 + u^7 + u^6 + u^5 + u^2 + u + 1)
203
	 None
	 (51, u^203 + u^8 + u^7 + u + 1)
	 (42, u^203 + u^8 + u^7 + u^5 + u^3 + u + 1)
204
	 u^204 + u^27 + 1
	 (9, u^204 + u^5 + u^4 + u^2 + 1)
	 (33, u^204 + u^8 + u^6 + u^5 + u^3 + u^2 + 1)
205
	 None
	 (64, u^205 + u^9 + u^5 + u^2 + 1)
	 (147, u^205 + u^10 + u^7 + u^5 + u^3 + u + 1)
206
	 None
	 (117, u^206 + u^10 + u^9 + u^5 + 1)
	 (8, u^206 + u^7 + u^5 + u^3 + u^2 + u + 1)
207
	 u^207 + u^43 + 1
	 (67, u^207 + u^9 + u^6 + u + 1)
	 (146, u^207 + u^10 + u^7 + u^5 + u^2 + u + 1)
208
	 None
	 (58, u^208 + u^9 + u^3 + u + 1)
	 (49, u^208 + u^8 + u^7 + u^6 + u^3 + u^2 + 1)
209
	 u^209 + u^6 + 1
	 (7, u^209 + u^5 + u^3 + u^2 + 1)
	 (4, u^209 + u^6 + u^5 + u^4 + u^2 + u + 1)
210
	 u^210 + u^7 + 1
	 (62, u^210 + u^9 + u^4 + u^3 + 1)
	 (70, u^210 + u^9 + u^6 + u^5 + u^4 + u^2 + 1)
211
	 None
	 (164, u^211 + u^11 + u^10 + u^8 + 1)
	 (67, u^211 + u^9 + u^6 + u^5 + u^3 + u + 1)
212
	 u^212 + u^105 + 1
	 (26, u^212 + u^7 + u^4 + u^3 + 1)
	 (109, u^212 + u^9 + u^8 + u^6 + u^5 + u^2 + 1)
213
	 None
	 (18, u^213 + u^6 + u^5 + u^2 + 1)
	 (42, u^213 + u^8 + u^7 + u^5 + u^3 + u + 1)
214
	 u^214 + u^73 + 1
	 (6, u^214 + u^5 + u^3 + u + 1)
	 (26, u^214 + u^8 + u^5 + u^4 + u^3 + u^2 + 1)
215
	 u^215 + u^23 + 1
	 (19, u^215 + u^6 + u^5 + u^3 + 1)
	 (22, u^215 + u^8 + u^4 + u^3 + u^2 + u + 1)
216
	 None
	 (22, u^216 + u^7 + u^3 + u + 1)
	 (11, u^216 + u^7 + u^5 + u^4 + u^3 + u^2 + 1)
217
	 u^217 + u^45 + 1
	 (20, u^217 + u^6 + u^5 + u^4 + 1)
	 (104, u^217 + u^9 + u^8 + u^6 + u^3 + u^2 + 1)
218
	 u^218 + u^11 + 1
	 (51, u^218 + u^8 + u^7 + u + 1)
	 (20, u^218 + u^7 + u^6 + u^5 + u^4 + u^2 + 1)
219
	 None
	 (39, u^219 + u^8 + u^4 + u + 1)
	 (20, u^219 + u^7 + u^6 + u^5 + u^4 + u^2 + 1)
220
	 u^220 + u^7 + 1
	 (147, u^220 + u^11 + u^8 + u^6 + 1)
	 (22, u^220 + u^8 + u^4 + u^3 + u^2 + u + 1)
221
	 None
	 (47, u^221 + u^8 + u^6 + u^2 + 1)
	 (24, u^221 + u^8 + u^5 + u^4 + u^2 + u + 1)
222
	 None
	 (9, u^222 + u^5 + u^4 + u^2 + 1)
	 (36, u^222 + u^8 + u^6 + u^5 + u^4 + u^3 + 1)
223
	 u^223 + u^33 + 1
	 (9, u^223 + u^5 + u^4 + u^2 + 1)
	 (44, u^223 + u^8 + u^7 + u^5 + u^4 + u + 1)
224
	 None
	 (80, u^224 + u^9 + u^8 + u^3 + 1)
	 (45, u^224 + u^8 + u^7 + u^5 + u^4 + u^2 + 1)
225
	 u^225 + u^32 + 1
	 (91, u^225 + u^10 + u^5 + u + 1)
	 (33, u^225 + u^8 + u^6 + u^5 + u^3 + u^2 + 1)
226
	 None
	 (102, u^226 + u^10 + u^7 + u^3 + 1)
	 (20, u^226 + u^7 + u^6 + u^5 + u^4 + u^2 + 1)
227
	 None
	 (116, u^227 + u^10 + u^9 + u^4 + 1)
	 (5, u^227 + u^6 + u^5 + u^4 + u^3 + u + 1)
228
	 u^228 + u^113 + 1
	 (36, u^228 + u^8 + u^2 + u + 1)
	 (25, u^228 + u^8 + u^5 + u^4 + u^3 + u + 1)
229
	 None
	 (88, u^229 + u^10 + u^4 + u + 1)
	 (66, u^229 + u^9 + u^6 + u^5 + u^2 + u + 1)
230
	 None
	 (56, u^230 + u^8 + u^7 + u^6 + 1)
	 (11, u^230 + u^7 + u^5 + u^4 + u^3 + u^2 + 1)
231
	 u^231 + u^26 + 1
	 (25, u^231 + u^7 + u^4 + u^2 + 1)
	 (11, u^231 + u^7 + u^5 + u^4 + u^3 + u^2 + 1)
232
	 None
	 (61, u^232 + u^9 + u^4 + u^2 + 1)
	 (20, u^232 + u^7 + u^6 + u^5 + u^4 + u^2 + 1)
233
	 u^233 + u^74 + 1
	 (60, u^233 + u^9 + u^4 + u + 1)
	 (11, u^233 + u^7 + u^5 + u^4 + u^3 + u^2 + 1)
234
	 u^234 + u^31 + 1
	 (74, u^234 + u^9 + u^7 + u^3 + 1)
	 (48, u^234 + u^8 + u^7 + u^6 + u^3 + u + 1)
235
	 None
	 (67, u^235 + u^9 + u^6 + u + 1)
	 (49, u^235 + u^8 + u^7 + u^6 + u^3 + u^2 + 1)
236
	 u^236 + u^5 + 1
	 (8, u^236 + u^5 + u^4 + u + 1)
	 (137, u^236 + u^10 + u^6 + u^5 + u^3 + u + 1)
237
	 None
	 (24, u^237 + u^7 + u^4 + u + 1)
	 (97, u^237 + u^9 + u^8 + u^5 + u^3 + u + 1)
238
	 u^238 + u^73 + 1
	 (5, u^238 + u^5 + u^2 + u + 1)
	 (8, u^238 + u^7 + u^5 + u^3 + u^2 + u + 1)
239
	 u^239 + u^36 + 1
	 (181, u^239 + u^12 + u^7 + u + 1)
	 (1, u^239 + u^5 + u^4 + u^3 + u^2 + u + 1)
240
	 None
	 (44, u^240 + u^8 + u^5 + u^3 + 1)
	 (45, u^240 + u^8 + u^7 + u^5 + u^4 + u^2 + 1)
241
	 u^241 + u^70 + 1
	 (81, u^241 + u^9 + u^8 + u^4 + 1)
	 (36, u^241 + u^8 + u^6 + u^5 + u^4 + u^3 + 1)
242
	 u^242 + u^95 + 1
	 (131, u^242 + u^11 + u^6 + u + 1)
	 (34, u^242 + u^8 + u^6 + u^5 + u^4 + u + 1)
243
	 None
	 (42, u^243 + u^8 + u^5 + u + 1)
	 (72, u^243 + u^9 + u^7 + u^3 + u^2 + u + 1)
244
	 u^244 + u^111 + 1
	 (60, u^244 + u^9 + u^4 + u + 1)
	 (31, u^244 + u^8 + u^6 + u^5 + u^2 + u + 1)
245
	 None
	 (14, u^245 + u^6 + u^4 + u + 1)
	 (25, u^245 + u^8 + u^5 + u^4 + u^3 + u + 1)
246
	 None
	 (121, u^246 + u^11 + u^2 + u + 1)
	 (41, u^246 + u^8 + u^7 + u^5 + u^2 + u + 1)
247
	 u^247 + u^82 + 1
	 (61, u^247 + u^9 + u^4 + u^2 + 1)
	 (58, u^247 + u^9 + u^5 + u^3 + u^2 + u + 1)
248
	 None
	 (452, u^248 + u^15 + u^14 + u^10 + 1)
	 (26, u^248 + u^8 + u^5 + u^4 + u^3 + u^2 + 1)
249
	 u^249 + u^35 + 1
	 (24, u^249 + u^7 + u^4 + u + 1)
	 (92, u^249 + u^9 + u^8 + u^3 + u^2 + u + 1)
250
	 u^250 + u^103 + 1
	 (93, u^250 + u^10 + u^5 + u^3 + 1)
	 (3, u^250 + u^6 + u^5 + u^3 + u^2 + u + 1)
251
	 None
	 (25, u^251 + u^7 + u^4 + u^2 + 1)
	 (8, u^251 + u^7 + u^5 + u^3 + u^2 + u + 1)
252
	 u^252 + u^15 + 1
	 (106, u^252 + u^10 + u^8 + u + 1)
	 (6, u^252 + u^6 + u^5 + u^4 + u^3 + u^2 + 1)
253
	 u^253 + u^46 + 1
	 (23, u^253 + u^7 + u^3 + u^2 + 1)
	 (1, u^253 + u^5 + u^4 + u^3 + u^2 + u + 1)
254
	 None
	 (21, u^254 + u^7 + u^2 + u + 1)
	 (112, u^254 + u^9 + u^8 + u^7 + u^2 + u + 1)
255
	 u^255 + u^52 + 1
	 (7, u^255 + u^5 + u^3 + u^2 + 1)
	 (238, u^255 + u^10 + u^9 + u^8 + u^5 + u + 1)
256
	 None
	 (92, u^256 + u^10 + u^5 + u^2 + 1)
	 (169, u^256 + u^10 + u^8 + u^5 + u^4 + u + 1)
64
	 None
	 (3, u^64 + u^4 + u^3 + u + 1)
	 (20, u^64 + u^7 + u^6 + u^5 + u^4 + u^2 + 1)
128
	 None
	 (21, u^128 + u^7 + u^2 + u + 1)
	 (21, u^128 + u^7 + u^6 + u^5 + u^4 + u^3 + 1)
192
	 None
	 (21, u^192 + u^7 + u^2 + u + 1)
	 (30, u^192 + u^8 + u^6 + u^4 + u^3 + u^2 + 1)
256
	 None
	 (92, u^256 + u^10 + u^5 + u^2 + 1)
	 (169, u^256 + u^10 + u^8 + u^5 + u^4 + u + 1)
320
	 None
	 (3, u^320 + u^4 + u^3 + u + 1)
	 (204, u^320 + u^10 + u^9 + u^5 + u^4 + u + 1)
384
	 None
	 (168, u^384 + u^12 + u^3 + u^2 + 1)
	 (135, u^384 + u^10 + u^6 + u^4 + u^3 + u^2 + 1)
448
	 None
	 (134, u^448 + u^11 + u^6 + u^4 + 1)
	 (11, u^448 + u^7 + u^5 + u^4 + u^3 + u^2 + 1)
512
	 None
	 (43, u^512 + u^8 + u^5 + u^2 + 1)
	 (24, u^512 + u^8 + u^5 + u^4 + u^2 + u + 1)
576
	 None
	 (226, u^576 + u^13 + u^4 + u^3 + 1)
	 (673, u^576 + u^12 + u^11 + u^3 + u^2 + u + 1)
640
	 None
	 (289, u^640 + u^14 + u^3 + u^2 + 1)
	 (199, u^640 + u^10 + u^9 + u^4 + u^3 + u + 1)
704
	 None
	 (38, u^704 + u^8 + u^3 + u^2 + 1)
	 (43, u^704 + u^8 + u^7 + u^5 + u^3 + u^2 + 1)
768
	 None
	 (940, u^768 + u^19 + u^17 + u^4 + 1)
	 (665, u^768 + u^12 + u^10 + u^9 + u^7 + u^6 + 1)
832
	 None
	 (228, u^832 + u^13 + u^5 + u^2 + 1)
	 (49, u^832 + u^8 + u^7 + u^6 + u^3 + u^2 + 1)
896
	 None
	 (29, u^896 + u^7 + u^5 + u^3 + 1)
	 (167, u^896 + u^10 + u^8 + u^5 + u^3 + u + 1)
960
	 None
	 (196, u^960 + u^12 + u^9 + u^3 + 1)
	 (46, u^960 + u^8 + u^7 + u^5 + u^4 + u^3 + 1)
1024
	 None
	 (827, u^1024 + u^19 + u^6 + u + 1)
	 (84, u^1024 + u^9 + u^7 + u^6 + u^3 + u^2 + 1)
1088
	 None
	 (1530, u^1088 + u^22 + u^21 + u^10 + 1)
	 (576, u^1088 + u^12 + u^9 + u^8 + u^5 + u^3 + 1)
1152
	 None
	 (367, u^1152 + u^15 + u^3 + u^2 + 1)
	 (98, u^1152 + u^9 + u^8 + u^5 + u^3 + u^2 + 1)
1216
	 None
	 (2885, u^1216 + u^27 + u^25 + u^9 + 1)
	 (331, u^1216 + u^11 + u^9 + u^5 + u^4 + u^2 + 1)
1280
	 None
	 (185, u^1280 + u^12 + u^7 + u^5 + 1)
	 (902, u^1280 + u^13 + u^9 + u^8 + u^4 + u^2 + 1)
1344
	 None
	 (375, u^1344 + u^15 + u^6 + u + 1)
	 (386, u^1344 + u^11 + u^10 + u^5 + u^4 + u + 1)
1408
	 None
	 (358, u^1408 + u^14 + u^13 + u^6 + 1)
	 (184, u^1408 + u^10 + u^8 + u^7 + u^3 + u^2 + 1)
1472
	 None
	 (124, u^1472 + u^11 + u^4 + u + 1)
	 (956, u^1472 + u^13 + u^10 + u^8 + u^3 + u^2 + 1)
1536
	 None
	 (1152, u^1536 + u^21 + u^6 + u^2 + 1)
	 (173, u^1536 + u^10 + u^8 + u^6 + u^3 + u + 1)
1600
	 None
	 (332, u^1600 + u^14 + u^11 + u + 1)
	 (267, u^1600 + u^11 + u^6 + u^5 + u^4 + u^3 + 1)
1664
	 None
	 (594, u^1664 + u^17 + u^9 + u^6 + 1)
	 (1097, u^1664 + u^13 + u^11 + u^10 + u^6 + u + 1)
1728
	 None
	 (161, u^1728 + u^11 + u^10 + u^5 + 1)
	 (15, u^1728 + u^7 + u^6 + u^4 + u^3 + u^2 + 1)
1792
	 None
	 (641, u^1792 + u^17 + u^14 + u^3 + 1)
	 (8, u^1792 + u^7 + u^5 + u^3 + u^2 + u + 1)
1856
	 None
	 (152, u^1856 + u^11 + u^9 + u^4 + 1)
	 (65, u^1856 + u^9 + u^6 + u^4 + u^3 + u^2 + 1)
1920
	 None
	 (123, u^1920 + u^11 + u^3 + u^2 + 1)
	 (440, u^1920 + u^11 + u^10 + u^9 + u^4 + u^3 + 1)
1984
	 None
	 (270, u^1984 + u^13 + u^11 + u^5 + 1)
	 (155, u^1984 + u^10 + u^7 + u^6 + u^4 + u + 1)
2048
	 None
	 (907, u^2048 + u^19 + u^14 + u^13 + 1)
	 (433, u^2048 + u^11 + u^10 + u^8 + u^7 + u^5 + 1)
